------Start of DE processing------ = [1/20/17 6:39:02:385 UTC]
Exception = java.security.PrivilegedActionException
Source = com.ibm.ws.config.admin.internal.ConfigurationStore
probeid = 127
Stack Dump = java.security.PrivilegedActionException: java.io.FileNotFoundException: /home/sridharb_in_77/waslibertydemo/target/wlp/usr/servers/LibertyProjectServer/workarea/org.eclipse.osgi/8/data/configs/com.ibm.ws.kernel.feature!546555376 (No such file or directory)
	at java.security.AccessController.doPrivileged(Native Method)
	at com.ibm.ws.config.admin.internal.ConfigurationStore.saveConfiguration(ConfigurationStore.java:120)
	at com.ibm.ws.config.admin.internal.ExtendedConfigurationImpl.updateCache(ExtendedConfigurationImpl.java:471)
	at com.ibm.ws.config.xml.internal.ConfigUpdater.updateConfiguration(ConfigUpdater.java:266)
	at com.ibm.ws.config.xml.internal.ConfigUpdater.updateConfiguration(ConfigUpdater.java:196)
	at com.ibm.ws.config.xml.internal.ConfigUpdater.update(ConfigUpdater.java:111)
	at com.ibm.ws.config.xml.internal.ConfigUpdater.update(ConfigUpdater.java:97)
	at com.ibm.ws.config.xml.internal.ChangeHandler.switchConfiguration(ChangeHandler.java:104)
	at com.ibm.ws.config.xml.internal.ConfigRefresher.refreshConfiguration(ConfigRefresher.java:114)
	at com.ibm.ws.config.xml.internal.ConfigFileMonitor.onChange(ConfigFileMonitor.java:143)
	at com.ibm.ws.kernel.filemonitor.internal.MonitorHolder.scheduledScan(MonitorHolder.java:694)
	at com.ibm.ws.kernel.filemonitor.internal.MonitorHolder.run(MonitorHolder.java:551)
	at com.ibm.ws.threading.internal.SchedulingRunnableFixedHelper.run(SchedulingRunnableFixedHelper.java:273)
	at java.util.concurrent.Executors$RunnableAdapter.call(Executors.java:511)
	at java.util.concurrent.FutureTask.run(FutureTask.java:266)
	at java.util.concurrent.ThreadPoolExecutor.runWorker(ThreadPoolExecutor.java:1142)
	at java.util.concurrent.ThreadPoolExecutor$Worker.run(ThreadPoolExecutor.java:617)
	at java.lang.Thread.run(Thread.java:745)
Caused by: java.io.FileNotFoundException: /home/sridharb_in_77/waslibertydemo/target/wlp/usr/servers/LibertyProjectServer/workarea/org.eclipse.osgi/8/data/configs/com.ibm.ws.kernel.feature!546555376 (No such file or directory)
	at java.io.FileOutputStream.open0(Native Method)
	at java.io.FileOutputStream.open(FileOutputStream.java:270)
	at java.io.FileOutputStream.<init>(FileOutputStream.java:213)
	at com.ibm.ws.config.admin.internal.ConfigurationStore.serializeConfigurationData(ConfigurationStore.java:211)
	at com.ibm.ws.config.admin.internal.ConfigurationStore$2.run(ConfigurationStore.java:123)
	... 18 more

Dump of callerThis
Object type = com.ibm.ws.config.admin.internal.ConfigurationStore
  tc = class com.ibm.websphere.ras.TraceComponent@7009c4a5
    strings[0] = "TraceComponent[com.ibm.ws.config.admin.internal.ConfigurationStore,class com.ibm.ws.config.admin.internal.ConfigurationStore,[config],com.ibm.ws.config.internal.resources.ConfigMessages,null]"
  caFactory = class com.ibm.ws.config.admin.internal.ConfigAdminServiceFactory@3f696f0c
    tc = class com.ibm.websphere.ras.TraceComponent@76dd0356
      strings[0] = "TraceComponent[com.ibm.ws.config.admin.internal.ConfigAdminServiceFactory,class com.ibm.ws.config.admin.internal.ConfigAdminServiceFactory,[config],com.ibm.ws.config.internal.resources.ConfigMessages,null]"
    configurationPermission = class org.osgi.service.cm.ConfigurationPermission@6ebf8283
      serialVersionUID = 5716868734811965383
      CONFIGURE = "configure"
      TARGET = "target"
      ACTION_CONFIGURE = 1
      ACTION_TARGET = 2
      ACTION_ALL = 3
      ACTION_NONE = 0
      action_mask = 1
      actions = null
      substrings = class java.util.ArrayList@50009bcc
      serialVersionUID = 6279438298436773498
      wildcard = true
      path = ""
      exitVM = false
      serialVersionUID = -5636570222231596674
      name = "*"
    INDEX_DICTIONARY = 0
    INDEX_LOCATION = 1
    INDEX_METATYPE_PROCESSED = 2
    INDEX_IN_OVERRIDES_FILE = 3
    INDEX_REFERENCES = 4
    INDEX_UNIQUES = 5
    bundleContext = class org.eclipse.osgi.internal.framework.BundleContextImpl@5096b1ea
      findHookName = "org.osgi.framework.hooks.bundle.FindHook"
      valid = true
      bundle = class org.eclipse.osgi.internal.framework.EquinoxBundle@e4356a9
      container = class org.eclipse.osgi.internal.framework.EquinoxContainer@907655
      debug = class org.eclipse.osgi.internal.debug.Debug@c045b04
      servicesInUse = class java.util.HashMap@bbdf525
      activator = class com.ibm.ws.config.internal.WSConfigActivator@798b55c2
      contextLock = class java.lang.Object@78bb277c
    msTracker = class com.ibm.ws.config.admin.internal.ManagedServiceTracker@2988edd6
      ME = "com.ibm.ws.config.admin.internal.ManagedServiceTracker"
      tc = class com.ibm.websphere.ras.TraceComponent@6d40743c
      caFactory = class com.ibm.ws.config.admin.internal.ConfigAdminServiceFactory@3f696f0c
      managedServices = class java.util.HashMap@68817373
      managedServiceReferences = class java.util.HashMap@51978fec
      serialVersionUID = -1361093010813248208
      DEBUG = false
      context = class org.eclipse.osgi.internal.framework.BundleContextImpl@5096b1ea
      filter = class org.eclipse.osgi.internal.framework.FilterImpl@1ba9ec4d
      customizer = class com.ibm.ws.config.admin.internal.ManagedServiceTracker@2988edd6
      listenerFilter = "(objectClass=org.osgi.service.cm.ManagedService)"
      trackClass = "org.osgi.service.cm.ManagedService"
      trackReference = null
      tracked = class org.osgi.util.tracker.ServiceTracker$Tracked@72e3a999
      cachedReference = null
      cachedService = null
    msfTracker = class com.ibm.ws.config.admin.internal.ManagedServiceFactoryTracker@56575d35
      ME = "com.ibm.ws.config.admin.internal.ManagedServiceFactoryTracker"
      tc = class com.ibm.websphere.ras.TraceComponent@5244a069
      caFactory = class com.ibm.ws.config.admin.internal.ConfigAdminServiceFactory@3f696f0c
      managedServiceFactories = class java.util.HashMap@69f204fa
      managedServiceFactoryReferences = class java.util.HashMap@24ed1830
      serialVersionUID = -2719224650925081263
      DEBUG = false
      context = class org.eclipse.osgi.internal.framework.BundleContextImpl@5096b1ea
      filter = class org.eclipse.osgi.internal.framework.FilterImpl@211c0f4c
      customizer = class com.ibm.ws.config.admin.internal.ManagedServiceFactoryTracker@56575d35
      listenerFilter = "(objectClass=org.osgi.service.cm.ManagedServiceFactory)"
      trackClass = "org.osgi.service.cm.ManagedServiceFactory"
      trackReference = null
      tracked = class org.osgi.util.tracker.ServiceTracker$Tracked@182a7b84
      cachedReference = null
      cachedService = null
    pluginManager = class com.ibm.ws.config.admin.internal.PluginManager@4e9ffc22
      pluginTracker = class com.ibm.ws.config.admin.internal.PluginManager$PluginTracker@22dba188
      serialVersionUID = -8398978898050816134
      $$$tc$$$ = class com.ibm.websphere.ras.TraceComponent@12a2ec32
    configurationStore = class com.ibm.ws.config.admin.internal.ConfigurationStore@5ca6d4e8
    updateQueue = class com.ibm.ws.config.admin.internal.UpdateQueue@32ae64f7
      tc = class com.ibm.websphere.ras.TraceComponent@60b82f70
      threadPool = class java.util.concurrent.ThreadPoolExecutor@1cfc8861
      queues = class com.ibm.ws.config.admin.internal.UpdateQueue$Queue[1]
      serialVersionUID = -2220987240531172166
    ced = class com.ibm.ws.config.admin.internal.ConfigEventDispatcher@5efc3962
      ME = "com.ibm.ws.config.admin.internal.ConfigEventDispatcher"
      tc = class com.ibm.websphere.ras.TraceComponent@72fe234e
      st = class org.osgi.util.tracker.ServiceTracker@409198d4
      configAdminReference = class org.eclipse.osgi.internal.serviceregistry.ServiceReferenceImpl@277c7dff
      caFactory = class com.ibm.ws.config.admin.internal.ConfigAdminServiceFactory@3f696f0c
      serialVersionUID = 7387440399302146247
    idMap = class java.util.Collections$SynchronizedMap@6fb3a073
      serialVersionUID = 1978198479659022715
      m = class java.util.HashMap@53f82452
      mutex = class java.util.Collections$SynchronizedMap@6fb3a073
      keySet = null
      entrySet = null
      values = null
    referenceMap = class java.util.Collections$SynchronizedMap@5d838f9
      serialVersionUID = 1978198479659022715
      m = class java.util.HashMap@373b518c
      mutex = class java.util.Collections$SynchronizedMap@5d838f9
      keySet = null
      entrySet = null
      values = null
    variableRegistryTracker = class org.osgi.util.tracker.ServiceTracker@44906d69
      DEBUG = false
      context = class org.eclipse.osgi.internal.framework.BundleContextImpl@5096b1ea
      filter = class org.eclipse.osgi.internal.framework.FilterImpl@76b7f508
      customizer = class org.osgi.util.tracker.ServiceTracker@44906d69
      listenerFilter = "(objectClass=com.ibm.wsspi.kernel.service.location.VariableRegistry)"
      trackClass = "com.ibm.wsspi.kernel.service.location.VariableRegistry"
      trackReference = null
      tracked = class org.osgi.util.tracker.ServiceTracker$Tracked@20c5c894
      cachedReference = class org.eclipse.osgi.internal.serviceregistry.ServiceReferenceImpl@5f6b3472
      cachedService = class com.ibm.ws.kernel.service.location.internal.VariableRegistryHelper@7b186bb0
    variableRegistry = class com.ibm.ws.kernel.service.location.internal.VariableRegistryHelper@7b186bb0
      registry = class com.ibm.ws.kernel.service.location.internal.SymbolRegistry@6d79d114
      serialVersionUID = 6631204287320083732
      $$$tc$$$ = class com.ibm.websphere.ras.TraceComponent@17433b35
    configurationAdminRef = class org.eclipse.osgi.internal.serviceregistry.ServiceRegistrationImpl@8b51e4
      registry = class org.eclipse.osgi.internal.serviceregistry.ServiceRegistry@5c34c2b2
      context = class org.eclipse.osgi.internal.framework.BundleContextImpl@5096b1ea
      bundle = class org.eclipse.osgi.internal.framework.EquinoxBundle@e4356a9
      clazzes = class java.lang.String[1]
      service = class com.ibm.ws.config.admin.internal.ConfigAdminServiceFactory@3f696f0c
      reference = class org.eclipse.osgi.internal.serviceregistry.ServiceReferenceImpl@277c7dff
      contextsUsing = class java.util.ArrayList@756533ae
      properties = class org.eclipse.osgi.internal.serviceregistry.ServiceProperties@6e912bcc
      serviceid = 43
      serviceranking = 0
      registrationLock = class java.lang.Object@c5f072b
      state = 0
      REGISTERED = 0
      UNREGISTERING = 1
      UNREGISTERED = 2
      $assertionsDisabled = true
    serialVersionUID = 6695202270027014725
  persistedConfig = class com.ibm.ws.config.admin.internal.PersistedConfigManager@5d10abdb
    persistDir = class java.io.File@75c96860
      fs = class java.io.UnixFileSystem@4aec0be5
      path = "/home/sridharb_in_77/waslibertydemo/target/wlp/usr/servers/LibertyProjectServer/workarea/org.eclipse.osgi/8/data/configs"
      status = class java.io.File$PathStatus@30a8f502
      prefixLength = 1
      separatorChar = /
      separator = "/"
      pathSeparatorChar = :
      pathSeparator = ":"
      PATH_OFFSET = 16
      PREFIX_LENGTH_OFFSET = 12
      UNSAFE = class sun.misc.Unsafe@f87c42f
      serialVersionUID = 301077366599181567
      filePath = null
      $assertionsDisabled = true
    serialVersionUID = -2732192261493706148
    $$$tc$$$ = class com.ibm.websphere.ras.TraceComponent@e7b2cf5
      strings[0] = "TraceComponent[com.ibm.ws.config.admin.internal.PersistedConfigManager,class com.ibm.ws.config.admin.internal.PersistedConfigManager,[config],com.ibm.ws.config.internal.resources.ConfigMessages,null]"
  configurations = class java.util.HashMap@9c5de65
    serialVersionUID = 362498820763181265
    DEFAULT_INITIAL_CAPACITY = 16
    MAXIMUM_CAPACITY = 1073741824
    DEFAULT_LOAD_FACTOR = 0.75
    TREEIFY_THRESHOLD = 8
    UNTREEIFY_THRESHOLD = 6
    MIN_TREEIFY_CAPACITY = 64
    table = class java.util.HashMap$Node[64]
      table[0] = null
      table[1] = class java.util.HashMap$Node@508e2bb8
      table[2] = null
      table[3] = null
      table[4] = null
      table[5] = null
      table[6] = class java.util.HashMap$Node@7a17b16f
      table[7] = class java.util.HashMap$Node@d605bca
      table[8] = class java.util.HashMap$Node@35c13f6d
      table[9] = class java.util.HashMap$Node@14331186
      table[10] = null
      table[11] = null
      table[12] = null
      table[13] = class java.util.HashMap$Node@536856a6
      table[14] = class java.util.HashMap$Node@5cd9e90a
      table[15] = null
      table[16] = null
      table[17] = class java.util.HashMap$Node@605f8fab
      table[18] = class java.util.HashMap$Node@6cec0d07
      table[19] = class java.util.HashMap$Node@7d20ab5a
      table[20] = null
      table[21] = class java.util.HashMap$Node@6e229c4d
      table[22] = null
      table[23] = null
      table[24] = class java.util.HashMap$Node@721c64f5
      table[25] = null
      table[26] = null
      table[27] = class java.util.HashMap$Node@7e14db84
      table[28] = class java.util.HashMap$Node@696c567
      table[29] = null
      table[30] = class java.util.HashMap$Node@7c2cf10c
      table[31] = null
      table[32] = class java.util.HashMap$Node@6d8609b0
      table[33] = null
      table[34] = class java.util.HashMap$Node@3516277f
      table[35] = class java.util.HashMap$Node@51b7147
      table[36] = null
      table[37] = null
      table[38] = null
      table[39] = null
      table[40] = null
      table[41] = null
      table[42] = null
      table[43] = null
      table[44] = null
      table[45] = null
      table[46] = null
      table[47] = null
      table[48] = null
      table[49] = class java.util.HashMap$Node@1ea44479
      table[50] = null
      table[51] = null
      table[52] = class java.util.HashMap$Node@43b20594
      table[53] = class java.util.HashMap$Node@479bef42
      table[54] = null
      table[55] = class java.util.HashMap$Node@19d42fbf
      table[56] = null
      table[57] = null
      table[58] = null
      table[59] = null
      table[60] = null
      table[61] = class java.util.HashMap$Node@256f2770
      table[62] = null
      table[63] = null
    entrySet = null
    size = 27
    modCount = 89
    threshold = 48
    loadFactor = 0.75
    keySet = null
    values = class java.util.HashMap$Values@3e602f4b
      this$0 = class java.util.HashMap@9c5de65
      MAX_ARRAY_SIZE = 2147483639
  cachedConfigScanned = true
  cachedConfigScannedLock = class com.ibm.ws.config.admin.internal.ConfigurationStore$1@e23ea5b
    this$0 = class com.ibm.ws.config.admin.internal.ConfigurationStore@5ca6d4e8
    serialVersionUID = -945624381174440198
    $$$tc$$$ = class com.ibm.websphere.ras.TraceComponent@72fe30a
      strings[0] = "TraceComponent[com.ibm.ws.config.admin.internal.ConfigurationStore$1,class com.ibm.ws.config.admin.internal.ConfigurationStore$1,[config],com.ibm.ws.config.internal.resources.ConfigMessages,null]"
  configCount = 13
  serialVersionUID = 2395296793317701213

Dump of objectArray[0]
Object type = java.lang.String
  String value = "com.ibm.ws.kernel.feature"

Dump of objectArray[1]
Object type = com.ibm.ws.config.admin.internal.ExtendedConfigurationImpl
  bundleLocation = null
  boundBundle = class org.eclipse.osgi.internal.framework.EquinoxBundle@5a300cc6
    equinoxContainer = class org.eclipse.osgi.internal.framework.EquinoxContainer@907655
      NAME = "org.eclipse.osgi"
      secureAction = class org.eclipse.osgi.framework.util.SecureAction@2b7f0d0d
      equinoxConfig = class org.eclipse.osgi.internal.framework.EquinoxConfiguration@3fc257bd
      logServices = class org.eclipse.osgi.internal.log.EquinoxLogServices@437de2
      storage = class org.eclipse.osgi.storage.Storage@65f6ea74
      packageAdmin = class org.eclipse.osgi.internal.framework.legacy.PackageAdminImpl@11ed7def
      startLevel = class org.eclipse.osgi.internal.framework.legacy.StartLevelImpl@42a91dba
      bootDelegation = class java.util.HashSet@599ec460
      bootDelegationStems = class java.lang.String[11]
      bootDelegateAll = false
      eventPublisher = class org.eclipse.osgi.internal.framework.EquinoxEventPublisher@7f1302d6
      monitor = class java.lang.Object@719126ea
      serviceRegistry = class org.eclipse.osgi.internal.serviceregistry.ServiceRegistry@5c34c2b2
      contextFinder = class org.eclipse.osgi.internal.framework.ContextFinder@469b19df
      signedContentFactory = class org.osgi.util.tracker.ServiceTracker@7b5fb1af
      executor = class java.util.concurrent.ScheduledThreadPoolExecutor@544dc760
      storageSaver = class org.eclipse.osgi.internal.framework.StorageSaver@1665ffcc
    module = class org.eclipse.osgi.internal.framework.EquinoxBundle$EquinoxModule@5d1c0bb2
      this$0 = class org.eclipse.osgi.internal.framework.EquinoxBundle@5a300cc6
      ACTIVE_SET = class java.util.RegularEnumSet@30fd8308
      RESOLVED_SET = class java.util.RegularEnumSet@4e47b9ac
      id = 22
      location = "kernel@reference:file:/home/sridharb_in_77/waslibertydemo/target/wlp/lib/com.ibm.ws.kernel.feature_1.0.14.jar"
      revisions = class org.eclipse.osgi.container.ModuleRevisions@ffa3a58
      stateChangeLock = class org.eclipse.osgi.internal.container.EquinoxReentrantLock@618fa927
      stateTransitionEvents = class java.util.RegularEnumSet@7cd2646a
      settings = class java.util.RegularEnumSet@5097bdf5
      inStart = class java.util.concurrent.atomic.AtomicInteger@e617545
      state = class org.eclipse.osgi.container.Module$State@18973705
      startlevel = 7
      lastModified = 1484841348943
      VALID_RESOLVED_TRANSITION = class java.util.RegularEnumSet@2ff0fe5e
      VALID_STOPPED_TRANSITION = class java.util.RegularEnumSet@21ebcbdb
      $SWITCH_TABLE$org$eclipse$osgi$container$ModuleContainerAdaptor$ModuleEvent = {1,2,3,4,5,6,7,8,9,10} /* array length = 10*/
    monitor = class java.lang.Object@36e1ae0c
    context = class org.eclipse.osgi.internal.framework.BundleContextImpl@a7d9825
      findHookName = "org.osgi.framework.hooks.bundle.FindHook"
      valid = true
      bundle = class org.eclipse.osgi.internal.framework.EquinoxBundle@5a300cc6
      container = class org.eclipse.osgi.internal.framework.EquinoxContainer@907655
      debug = class org.eclipse.osgi.internal.debug.Debug@c045b04
      servicesInUse = class java.util.HashMap@7013c109
      activator = null
      contextLock = class java.lang.Object@660f69fd
    signerInfos = null
    $SWITCH_TABLE$org$eclipse$osgi$container$Module$State = {1,2,3,4,5,6,7} /* array length = 7*/
  caFactory = class com.ibm.ws.config.admin.internal.ConfigAdminServiceFactory@3f696f0c
    tc = class com.ibm.websphere.ras.TraceComponent@76dd0356
      strings[0] = "TraceComponent[com.ibm.ws.config.admin.internal.ConfigAdminServiceFactory,class com.ibm.ws.config.admin.internal.ConfigAdminServiceFactory,[config],com.ibm.ws.config.internal.resources.ConfigMessages,null]"
    configurationPermission = class org.osgi.service.cm.ConfigurationPermission@6ebf8283
      serialVersionUID = 5716868734811965383
      CONFIGURE = "configure"
      TARGET = "target"
      ACTION_CONFIGURE = 1
      ACTION_TARGET = 2
      ACTION_ALL = 3
      ACTION_NONE = 0
      action_mask = 1
      actions = null
      substrings = class java.util.ArrayList@50009bcc
      serialVersionUID = 6279438298436773498
      wildcard = true
      path = ""
      exitVM = false
      serialVersionUID = -5636570222231596674
      name = "*"
    INDEX_DICTIONARY = 0
    INDEX_LOCATION = 1
    INDEX_METATYPE_PROCESSED = 2
    INDEX_IN_OVERRIDES_FILE = 3
    INDEX_REFERENCES = 4
    INDEX_UNIQUES = 5
    bundleContext = class org.eclipse.osgi.internal.framework.BundleContextImpl@5096b1ea
      findHookName = "org.osgi.framework.hooks.bundle.FindHook"
      valid = true
      bundle = class org.eclipse.osgi.internal.framework.EquinoxBundle@e4356a9
      container = class org.eclipse.osgi.internal.framework.EquinoxContainer@907655
      debug = class org.eclipse.osgi.internal.debug.Debug@c045b04
      servicesInUse = class java.util.HashMap@bbdf525
      activator = class com.ibm.ws.config.internal.WSConfigActivator@798b55c2
      contextLock = class java.lang.Object@78bb277c
    msTracker = class com.ibm.ws.config.admin.internal.ManagedServiceTracker@2988edd6
      ME = "com.ibm.ws.config.admin.internal.ManagedServiceTracker"
      tc = class com.ibm.websphere.ras.TraceComponent@6d40743c
      caFactory = class com.ibm.ws.config.admin.internal.ConfigAdminServiceFactory@3f696f0c
      managedServices = class java.util.HashMap@68817373
      managedServiceReferences = class java.util.HashMap@51978fec
      serialVersionUID = -1361093010813248208
      DEBUG = false
      context = class org.eclipse.osgi.internal.framework.BundleContextImpl@5096b1ea
      filter = class org.eclipse.osgi.internal.framework.FilterImpl@1ba9ec4d
      customizer = class com.ibm.ws.config.admin.internal.ManagedServiceTracker@2988edd6
      listenerFilter = "(objectClass=org.osgi.service.cm.ManagedService)"
      trackClass = "org.osgi.service.cm.ManagedService"
      trackReference = null
      tracked = class org.osgi.util.tracker.ServiceTracker$Tracked@72e3a999
      cachedReference = null
      cachedService = null
    msfTracker = class com.ibm.ws.config.admin.internal.ManagedServiceFactoryTracker@56575d35
      ME = "com.ibm.ws.config.admin.internal.ManagedServiceFactoryTracker"
      tc = class com.ibm.websphere.ras.TraceComponent@5244a069
      caFactory = class com.ibm.ws.config.admin.internal.ConfigAdminServiceFactory@3f696f0c
      managedServiceFactories = class java.util.HashMap@69f204fa
      managedServiceFactoryReferences = class java.util.HashMap@24ed1830
      serialVersionUID = -2719224650925081263
      DEBUG = false
      context = class org.eclipse.osgi.internal.framework.BundleContextImpl@5096b1ea
      filter = class org.eclipse.osgi.internal.framework.FilterImpl@211c0f4c
      customizer = class com.ibm.ws.config.admin.internal.ManagedServiceFactoryTracker@56575d35
      listenerFilter = "(objectClass=org.osgi.service.cm.ManagedServiceFactory)"
      trackClass = "org.osgi.service.cm.ManagedServiceFactory"
      trackReference = null
      tracked = class org.osgi.util.tracker.ServiceTracker$Tracked@182a7b84
      cachedReference = null
      cachedService = null
    pluginManager = class com.ibm.ws.config.admin.internal.PluginManager@4e9ffc22
      pluginTracker = class com.ibm.ws.config.admin.internal.PluginManager$PluginTracker@22dba188
      serialVersionUID = -8398978898050816134
      $$$tc$$$ = class com.ibm.websphere.ras.TraceComponent@12a2ec32
    configurationStore = class com.ibm.ws.config.admin.internal.ConfigurationStore@5ca6d4e8
      tc = class com.ibm.websphere.ras.TraceComponent@7009c4a5
      caFactory = class com.ibm.ws.config.admin.internal.ConfigAdminServiceFactory@3f696f0c
      persistedConfig = class com.ibm.ws.config.admin.internal.PersistedConfigManager@5d10abdb
      configurations = class java.util.HashMap@9c5de65
      cachedConfigScanned = true
      cachedConfigScannedLock = class com.ibm.ws.config.admin.internal.ConfigurationStore$1@e23ea5b
      configCount = 13
      serialVersionUID = 2395296793317701213
    updateQueue = class com.ibm.ws.config.admin.internal.UpdateQueue@32ae64f7
      tc = class com.ibm.websphere.ras.TraceComponent@60b82f70
      threadPool = class java.util.concurrent.ThreadPoolExecutor@1cfc8861
      queues = class com.ibm.ws.config.admin.internal.UpdateQueue$Queue[1]
      serialVersionUID = -2220987240531172166
    ced = class com.ibm.ws.config.admin.internal.ConfigEventDispatcher@5efc3962
      ME = "com.ibm.ws.config.admin.internal.ConfigEventDispatcher"
      tc = class com.ibm.websphere.ras.TraceComponent@72fe234e
      st = class org.osgi.util.tracker.ServiceTracker@409198d4
      configAdminReference = class org.eclipse.osgi.internal.serviceregistry.ServiceReferenceImpl@277c7dff
      caFactory = class com.ibm.ws.config.admin.internal.ConfigAdminServiceFactory@3f696f0c
      serialVersionUID = 7387440399302146247
    idMap = class java.util.Collections$SynchronizedMap@6fb3a073
      serialVersionUID = 1978198479659022715
      m = class java.util.HashMap@53f82452
      mutex = class java.util.Collections$SynchronizedMap@6fb3a073
      keySet = null
      entrySet = null
      values = null
    referenceMap = class java.util.Collections$SynchronizedMap@5d838f9
      serialVersionUID = 1978198479659022715
      m = class java.util.HashMap@373b518c
      mutex = class java.util.Collections$SynchronizedMap@5d838f9
      keySet = null
      entrySet = null
      values = null
    variableRegistryTracker = class org.osgi.util.tracker.ServiceTracker@44906d69
      DEBUG = false
      context = class org.eclipse.osgi.internal.framework.BundleContextImpl@5096b1ea
      filter = class org.eclipse.osgi.internal.framework.FilterImpl@76b7f508
      customizer = class org.osgi.util.tracker.ServiceTracker@44906d69
      listenerFilter = "(objectClass=com.ibm.wsspi.kernel.service.location.VariableRegistry)"
      trackClass = "com.ibm.wsspi.kernel.service.location.VariableRegistry"
      trackReference = null
      tracked = class org.osgi.util.tracker.ServiceTracker$Tracked@20c5c894
      cachedReference = class org.eclipse.osgi.internal.serviceregistry.ServiceReferenceImpl@5f6b3472
      cachedService = class com.ibm.ws.kernel.service.location.internal.VariableRegistryHelper@7b186bb0
    variableRegistry = class com.ibm.ws.kernel.service.location.internal.VariableRegistryHelper@7b186bb0
      registry = class com.ibm.ws.kernel.service.location.internal.SymbolRegistry@6d79d114
      serialVersionUID = 6631204287320083732
      $$$tc$$$ = class com.ibm.websphere.ras.TraceComponent@17433b35
    configurationAdminRef = class org.eclipse.osgi.internal.serviceregistry.ServiceRegistrationImpl@8b51e4
      registry = class org.eclipse.osgi.internal.serviceregistry.ServiceRegistry@5c34c2b2
      context = class org.eclipse.osgi.internal.framework.BundleContextImpl@5096b1ea
      bundle = class org.eclipse.osgi.internal.framework.EquinoxBundle@e4356a9
      clazzes = class java.lang.String[1]
      service = class com.ibm.ws.config.admin.internal.ConfigAdminServiceFactory@3f696f0c
      reference = class org.eclipse.osgi.internal.serviceregistry.ServiceReferenceImpl@277c7dff
      contextsUsing = class java.util.ArrayList@756533ae
      properties = class org.eclipse.osgi.internal.serviceregistry.ServiceProperties@6e912bcc
      serviceid = 43
      serviceranking = 0
      registrationLock = class java.lang.Object@c5f072b
      state = 0
      REGISTERED = 0
      UNREGISTERING = 1
      UNREGISTERED = 2
      $assertionsDisabled = true
    serialVersionUID = 6695202270027014725
  factoryPid = null
  pid = "com.ibm.ws.kernel.feature"
  properties = class com.ibm.ws.config.admin.ConfigurationDictionary@48cb5ca4
    serialVersionUID = 7966152868712543805
    simpleTypes = class java.util.Arrays$ArrayList@352d6ed2
      serialVersionUID = -2764017481108945198
      a = class java.lang.Class[9]
      modCount = 0
      MAX_ARRAY_SIZE = 2147483639
    primitiveArrayTypes = class java.util.Arrays$ArrayList@64ed5edf
      serialVersionUID = -2764017481108945198
      a = class java.lang.Class[8]
      modCount = 0
      MAX_ARRAY_SIZE = 2147483639
    simpleArrayTypes = class java.util.Arrays$ArrayList@1c2a7da3
      serialVersionUID = -2764017481108945198
      a = class java.lang.Class[9]
      modCount = 0
      MAX_ARRAY_SIZE = 2147483639
    extendedTypes = class java.util.Arrays$ArrayList@7719d6d1
      serialVersionUID = -2764017481108945198
      a = class java.lang.Class[2]
      modCount = 0
      MAX_ARRAY_SIZE = 2147483639
    CASE_INSENSITIVE = class com.ibm.ws.config.admin.ConfigurationDictionary$CaseInsensitive@1848b6ac
      serialVersionUID = 7962325242424955159
    properties = class java.util.Collections$SynchronizedMap@2d35c3fb
      serialVersionUID = 1978198479659022715
      m = class java.util.TreeMap@733aee8e
      mutex = class java.util.Collections$SynchronizedMap@2d35c3fb
      keySet = null
      entrySet = null
      values = null
  hashCode = 0
  deleted = false
  inOverridesFile = true
  references = class java.util.Collections$EmptySet@4216483b
    serialVersionUID = 1582296315990362920
    MAX_ARRAY_SIZE = 2147483639
  uniqueVariables = class java.util.HashSet@57719b25
    serialVersionUID = -5024744406713321676
    map = class java.util.HashMap@3a5c5bac
      serialVersionUID = 362498820763181265
      DEFAULT_INITIAL_CAPACITY = 16
      MAXIMUM_CAPACITY = 1073741824
      DEFAULT_LOAD_FACTOR = 0.75
      TREEIFY_THRESHOLD = 8
      UNTREEIFY_THRESHOLD = 6
      MIN_TREEIFY_CAPACITY = 64
      table = null
      entrySet = null
      size = 0
      modCount = 0
      threshold = 0
      loadFactor = 0.75
      keySet = null
      values = null
    PRESENT = class java.lang.Object@2d57462e
    MAX_ARRAY_SIZE = 2147483639
  lock = class java.util.concurrent.locks.ReentrantLock@5166c835
    serialVersionUID = 7373984872572414699
    sync = class java.util.concurrent.locks.ReentrantLock$NonfairSync@61af5c0f
      serialVersionUID = 7316153563782823691
      serialVersionUID = -5179523762034025860
      serialVersionUID = 7373984972572414691
      head = null
      tail = null
      state = 1
      spinForTimeoutThreshold = 1000
      unsafe = class sun.misc.Unsafe@f87c42f
      stateOffset = 16
      headOffset = 20
      tailOffset = 24
      waitStatusOffset = 12
      nextOffset = 20
      serialVersionUID = 3737899427754241961
      exclusiveOwnerThread = class java.lang.Thread@2b90ef3a
  changeCount = class java.util.concurrent.atomic.AtomicLong@731300b5
    serialVersionUID = 1927816293512124184
    unsafe = class sun.misc.Unsafe@f87c42f
      theUnsafe = class sun.misc.Unsafe@f87c42f
      INVALID_FIELD_OFFSET = -1
      ARRAY_BOOLEAN_BASE_OFFSET = 16
      ARRAY_BYTE_BASE_OFFSET = 16
      ARRAY_SHORT_BASE_OFFSET = 16
      ARRAY_CHAR_BASE_OFFSET = 16
      ARRAY_INT_BASE_OFFSET = 16
      ARRAY_LONG_BASE_OFFSET = 16
      ARRAY_FLOAT_BASE_OFFSET = 16
      ARRAY_DOUBLE_BASE_OFFSET = 16
      ARRAY_OBJECT_BASE_OFFSET = 16
      ARRAY_BOOLEAN_INDEX_SCALE = 1
      ARRAY_BYTE_INDEX_SCALE = 1
      ARRAY_SHORT_INDEX_SCALE = 2
      ARRAY_CHAR_INDEX_SCALE = 2
      ARRAY_INT_INDEX_SCALE = 4
      ARRAY_LONG_INDEX_SCALE = 8
      ARRAY_FLOAT_INDEX_SCALE = 4
      ARRAY_DOUBLE_INDEX_SCALE = 8
      ARRAY_OBJECT_INDEX_SCALE = 4
      ADDRESS_SIZE = 8
    valueOffset = 16
    VM_SUPPORTS_LONG_CAS = true
    value = 1
    serialVersionUID = -8742448824652078965
  configId = null
  sendEvents = false
  serialVersionUID = -7173954266841568360
  $$$tc$$$ = class com.ibm.websphere.ras.TraceComponent@e53ff45
    strings[0] = "TraceComponent[com.ibm.ws.config.admin.internal.ExtendedConfigurationImpl,class com.ibm.ws.config.admin.internal.ExtendedConfigurationImpl,[config],com.ibm.ws.config.internal.resources.ConfigMessages,null]"

