------Start of DE processing------ = [1/20/17 6:39:02:442 UTC]
Exception = java.io.FileNotFoundException
Source = com.ibm.ws.config.xml.internal.ConfigUpdater
probeid = 267
Stack Dump = java.io.FileNotFoundException: /home/sridharb_in_77/waslibertydemo/target/wlp/usr/servers/LibertyProjectServer/workarea/org.eclipse.osgi/8/data/configs/com.ibm.ws.kernel.feature!546555376 (No such file or directory)
	at java.io.FileOutputStream.open0(Native Method)
	at java.io.FileOutputStream.open(FileOutputStream.java:270)
	at java.io.FileOutputStream.<init>(FileOutputStream.java:213)
	at com.ibm.ws.config.admin.internal.ConfigurationStore.serializeConfigurationData(ConfigurationStore.java:211)
	at com.ibm.ws.config.admin.internal.ConfigurationStore$2.run(ConfigurationStore.java:123)
	at java.security.AccessController.doPrivileged(Native Method)
	at com.ibm.ws.config.admin.internal.ConfigurationStore.saveConfiguration(ConfigurationStore.java:120)
	at com.ibm.ws.config.admin.internal.ExtendedConfigurationImpl.updateCache(ExtendedConfigurationImpl.java:471)
	at com.ibm.ws.config.xml.internal.ConfigUpdater.updateConfiguration(ConfigUpdater.java:266)
	at com.ibm.ws.config.xml.internal.ConfigUpdater.updateConfiguration(ConfigUpdater.java:196)
	at com.ibm.ws.config.xml.internal.ConfigUpdater.update(ConfigUpdater.java:111)
	at com.ibm.ws.config.xml.internal.ConfigUpdater.update(ConfigUpdater.java:97)
	at com.ibm.ws.config.xml.internal.ChangeHandler.switchConfiguration(ChangeHandler.java:104)
	at com.ibm.ws.config.xml.internal.ConfigRefresher.refreshConfiguration(ConfigRefresher.java:114)
	at com.ibm.ws.config.xml.internal.ConfigFileMonitor.onChange(ConfigFileMonitor.java:143)
	at com.ibm.ws.kernel.filemonitor.internal.MonitorHolder.scheduledScan(MonitorHolder.java:694)
	at com.ibm.ws.kernel.filemonitor.internal.MonitorHolder.run(MonitorHolder.java:551)
	at com.ibm.ws.threading.internal.SchedulingRunnableFixedHelper.run(SchedulingRunnableFixedHelper.java:273)
	at java.util.concurrent.Executors$RunnableAdapter.call(Executors.java:511)
	at java.util.concurrent.FutureTask.run(FutureTask.java:266)
	at java.util.concurrent.ThreadPoolExecutor.runWorker(ThreadPoolExecutor.java:1142)
	at java.util.concurrent.ThreadPoolExecutor$Worker.run(ThreadPoolExecutor.java:617)
	at java.lang.Thread.run(Thread.java:745)

Dump of callerThis
Object type = com.ibm.ws.config.xml.internal.ConfigUpdater
  tc = class com.ibm.websphere.ras.TraceComponent@22963102
    strings[0] = "TraceComponent[com.ibm.ws.config.xml.internal.ConfigUpdater,class com.ibm.ws.config.xml.internal.ConfigUpdater,[config],com.ibm.ws.config.internal.resources.ConfigMessages,null]"
  configEvaluator = class com.ibm.ws.config.xml.internal.ConfigEvaluator@671f08c6
    tc = class com.ibm.websphere.ras.TraceComponent@57db834f
      strings[0] = "TraceComponent[com.ibm.ws.config.xml.internal.ConfigEvaluator,class com.ibm.ws.config.xml.internal.ConfigEvaluator,[config],com.ibm.ws.config.internal.resources.ConfigMessages,null]"
    EMPTY_STRING = ""
    ALL_PIDS = "*"
    configRetriever = class com.ibm.ws.config.xml.internal.ConfigRetriever@26db1988
      tc = class com.ibm.websphere.ras.TraceComponent@7fd80da0
      caSupport = class com.ibm.ws.config.admin.internal.SystemConfigSupportImpl@54e328af
      configAdmin = class com.ibm.ws.config.admin.internal.ConfigurationAdminImpl@56c3493
      variableRegistry = class com.ibm.ws.config.xml.internal.ConfigVariableRegistry@54a3b07c
      serialVersionUID = -2418731197807035025
    metatypeRegistry = class com.ibm.ws.config.xml.internal.MetaTypeRegistry@7bcc64c4
    variableRegistry = class com.ibm.ws.config.xml.internal.ConfigVariableRegistry@54a3b07c
    serverXMLConfig = class com.ibm.ws.config.xml.internal.ServerXMLConfiguration@102a92e
      tc = class com.ibm.websphere.ras.TraceComponent@477fd35c
      configRoot = class com.ibm.ws.kernel.service.location.internal.LocalFileResource@5f1daa7f
      configDropinDefaults = class com.ibm.ws.kernel.service.location.internal.LocalFileResource@6bec4fec
      configDropinOverrides = class com.ibm.ws.kernel.service.location.internal.LocalFileResource@56e3345f
      bundleContext = class org.eclipse.osgi.internal.framework.BundleContextImpl@5096b1ea
      serverConfiguration = class com.ibm.ws.config.xml.internal.ServerConfiguration@3059e51f
      CONFIG_DROPINS = "configDropins"
      CONFIG_DROPIN_DEFAULTS = "configDropins/defaults/"
      CONFIG_DROPIN_OVERRIDES = "configDropins/overrides/"
      configReadTime = 1484893339000
      parser = class com.ibm.ws.config.xml.internal.XMLConfigParser@2a5ff39
      serialVersionUID = -173981188152250166
    serialVersionUID = 5015797155440334278
  variableRegistry = class com.ibm.ws.config.xml.internal.ConfigVariableRegistry@54a3b07c
    tc = class com.ibm.websphere.ras.TraceComponent@85d9951
      strings[0] = "TraceComponent[com.ibm.ws.config.xml.internal.ConfigVariableRegistry,class com.ibm.ws.config.xml.internal.ConfigVariableRegistry,[config],com.ibm.ws.config.internal.resources.ConfigMessages,null]"
    UNIQUE = "UNIQUE_"
    IN_USE = "WLP_VAR_IN_USE"
    registry = class com.ibm.ws.kernel.service.location.internal.VariableRegistryHelper@7b186bb0
      registry = class com.ibm.ws.kernel.service.location.internal.SymbolRegistry@6d79d114
      serialVersionUID = 6631204287320083732
      $$$tc$$$ = class com.ibm.websphere.ras.TraceComponent@17433b35
    variableCacheFile = class java.io.File@1b2f6db
      fs = class java.io.UnixFileSystem@4aec0be5
      path = "/home/sridharb_in_77/waslibertydemo/target/wlp/usr/servers/LibertyProjectServer/workarea/org.eclipse.osgi/8/data/variableCache"
      status = class java.io.File$PathStatus@30a8f502
      prefixLength = 1
      separatorChar = /
      separator = "/"
      pathSeparatorChar = :
      pathSeparator = ":"
      PATH_OFFSET = 16
      PREFIX_LENGTH_OFFSET = 12
      UNSAFE = class sun.misc.Unsafe@f87c42f
      serialVersionUID = 301077366599181567
      filePath = null
      $assertionsDisabled = true
    configVariables = class java.util.HashMap@651e92d2
      serialVersionUID = 362498820763181265
      DEFAULT_INITIAL_CAPACITY = 16
      MAXIMUM_CAPACITY = 1073741824
      DEFAULT_LOAD_FACTOR = 0.75
      TREEIFY_THRESHOLD = 8
      UNTREEIFY_THRESHOLD = 6
      MIN_TREEIFY_CAPACITY = 64
      table = null
      entrySet = class java.util.HashMap$EntrySet@6fd66c62
      size = 0
      modCount = 0
      threshold = 0
      loadFactor = 0.75
      keySet = null
      values = null
    variableCache = class java.util.HashMap@6a1352ac
      serialVersionUID = 362498820763181265
      DEFAULT_INITIAL_CAPACITY = 16
      MAXIMUM_CAPACITY = 1073741824
      DEFAULT_LOAD_FACTOR = 0.75
      TREEIFY_THRESHOLD = 8
      UNTREEIFY_THRESHOLD = 6
      MIN_TREEIFY_CAPACITY = 64
      table = class java.util.HashMap$Node[32]
      entrySet = null
      size = 22
      modCount = 45
      threshold = 24
      loadFactor = 0.75
      keySet = null
      values = null
    defaultVariableCache = class java.util.HashMap@4bb16207
      serialVersionUID = 362498820763181265
      DEFAULT_INITIAL_CAPACITY = 16
      MAXIMUM_CAPACITY = 1073741824
      DEFAULT_LOAD_FACTOR = 0.75
      TREEIFY_THRESHOLD = 8
      UNTREEIFY_THRESHOLD = 6
      MIN_TREEIFY_CAPACITY = 64
      table = class java.util.HashMap$Node[16]
      entrySet = null
      size = 2
      modCount = 5
      threshold = 12
      loadFactor = 0.75
      keySet = null
      values = null
    serialVersionUID = -1196293758344540930
  caSupport = class com.ibm.ws.config.admin.internal.SystemConfigSupportImpl@54e328af
    caFactory = class com.ibm.ws.config.admin.internal.ConfigAdminServiceFactory@3f696f0c
      tc = class com.ibm.websphere.ras.TraceComponent@76dd0356
      configurationPermission = class org.osgi.service.cm.ConfigurationPermission@6ebf8283
      INDEX_DICTIONARY = 0
      INDEX_LOCATION = 1
      INDEX_METATYPE_PROCESSED = 2
      INDEX_IN_OVERRIDES_FILE = 3
      INDEX_REFERENCES = 4
      INDEX_UNIQUES = 5
      bundleContext = class org.eclipse.osgi.internal.framework.BundleContextImpl@5096b1ea
      msTracker = class com.ibm.ws.config.admin.internal.ManagedServiceTracker@2988edd6
      msfTracker = class com.ibm.ws.config.admin.internal.ManagedServiceFactoryTracker@56575d35
      pluginManager = class com.ibm.ws.config.admin.internal.PluginManager@4e9ffc22
      configurationStore = class com.ibm.ws.config.admin.internal.ConfigurationStore@5ca6d4e8
      updateQueue = class com.ibm.ws.config.admin.internal.UpdateQueue@32ae64f7
      ced = class com.ibm.ws.config.admin.internal.ConfigEventDispatcher@5efc3962
      idMap = class java.util.Collections$SynchronizedMap@6fb3a073
      referenceMap = class java.util.Collections$SynchronizedMap@5d838f9
      variableRegistryTracker = class org.osgi.util.tracker.ServiceTracker@44906d69
      variableRegistry = class com.ibm.ws.kernel.service.location.internal.VariableRegistryHelper@7b186bb0
      configurationAdminRef = class org.eclipse.osgi.internal.serviceregistry.ServiceRegistrationImpl@8b51e4
      serialVersionUID = 6695202270027014725
    caSupportRef = class org.eclipse.osgi.internal.serviceregistry.ServiceRegistrationImpl@1086bcca
      registry = class org.eclipse.osgi.internal.serviceregistry.ServiceRegistry@5c34c2b2
      context = class org.eclipse.osgi.internal.framework.BundleContextImpl@5096b1ea
      bundle = class org.eclipse.osgi.internal.framework.EquinoxBundle@e4356a9
      clazzes = class java.lang.String[1]
      service = class com.ibm.ws.config.admin.internal.SystemConfigSupportImpl@54e328af
      reference = class org.eclipse.osgi.internal.serviceregistry.ServiceReferenceImpl@6283a70c
      contextsUsing = class java.util.ArrayList@741191a9
      properties = class org.eclipse.osgi.internal.serviceregistry.ServiceProperties@650815fb
      serviceid = 44
      serviceranking = 0
      registrationLock = class java.lang.Object@109212bb
      state = 0
      REGISTERED = 0
      UNREGISTERING = 1
      UNREGISTERED = 2
      $assertionsDisabled = true
    eventTracker = class org.osgi.util.tracker.ServiceTracker@4633d818
      DEBUG = false
      context = class org.eclipse.osgi.internal.framework.BundleContextImpl@5096b1ea
      filter = class org.eclipse.osgi.internal.framework.FilterImpl@6fdb73db
      customizer = class org.osgi.util.tracker.ServiceTracker@4633d818
      listenerFilter = "(objectClass=org.osgi.service.event.EventAdmin)"
      trackClass = "org.osgi.service.event.EventAdmin"
      trackReference = null
      tracked = class org.osgi.util.tracker.ServiceTracker$Tracked@2d92041a
      cachedReference = null
      cachedService = null
    serialVersionUID = -5567496331460706713
    $$$tc$$$ = class com.ibm.websphere.ras.TraceComponent@770be00e
      strings[0] = "TraceComponent[com.ibm.ws.config.admin.internal.SystemConfigSupportImpl,class com.ibm.ws.config.admin.internal.SystemConfigSupportImpl,[config],com.ibm.ws.config.internal.resources.ConfigMessages,null]"
  extendedMetatypeManager = class com.ibm.ws.config.xml.internal.ExtendedMetatypeManager@2de376fe
    tc = class com.ibm.websphere.ras.TraceComponent@3b477536
      strings[0] = "TraceComponent[com.ibm.ws.config.xml.internal.ExtendedMetatypeManager,class com.ibm.ws.config.xml.internal.ExtendedMetatypeManager,[config],com.ibm.ws.config.internal.resources.ConfigMessages,null]"
    EXT_SOURCE_PID_KEY = "ibm.extends.source.pid"
    EXT_IMMEDIATE_SUBTYPE_PID_KEY = "ibm.extends.subtype.pid"
    EXT_SOURCE_FACTORY_KEY = "ibm.extends.source.factoryPid"
    metatypeRegistry = class com.ibm.ws.config.xml.internal.MetaTypeRegistry@7bcc64c4
    configAdmin = class com.ibm.ws.config.admin.internal.ConfigurationAdminImpl@56c3493
      bundle = class org.eclipse.osgi.internal.framework.EquinoxBundle@e4356a9
      caFactory = class com.ibm.ws.config.admin.internal.ConfigAdminServiceFactory@3f696f0c
      serialVersionUID = -3783880043350273893
      $$$tc$$$ = class com.ibm.websphere.ras.TraceComponent@11fbaf8a
    knownSupertypeConfigs = class java.util.HashMap@69d4f1fd
      serialVersionUID = 362498820763181265
      DEFAULT_INITIAL_CAPACITY = 16
      MAXIMUM_CAPACITY = 1073741824
      DEFAULT_LOAD_FACTOR = 0.75
      TREEIFY_THRESHOLD = 8
      UNTREEIFY_THRESHOLD = 6
      MIN_TREEIFY_CAPACITY = 64
      table = null
      entrySet = null
      size = 0
      modCount = 0
      threshold = 0
      loadFactor = 0.75
      keySet = null
      values = null
    index = -1
    serialVersionUID = -5964489346879728611
  unresolvedReferences = class java.util.HashSet@32a512bc
    serialVersionUID = -5024744406713321676
    map = class java.util.HashMap@1989dbdc
      serialVersionUID = 362498820763181265
      DEFAULT_INITIAL_CAPACITY = 16
      MAXIMUM_CAPACITY = 1073741824
      DEFAULT_LOAD_FACTOR = 0.75
      TREEIFY_THRESHOLD = 8
      UNTREEIFY_THRESHOLD = 6
      MIN_TREEIFY_CAPACITY = 64
      table = class java.util.HashMap$Node[16]
      entrySet = null
      size = 1
      modCount = 5
      threshold = 12
      loadFactor = 0.75
      keySet = class java.util.HashMap$KeySet@684d2410
      values = null
    PRESENT = class java.lang.Object@2d57462e
    MAX_ARRAY_SIZE = 2147483639
  metatypeRegistry = class com.ibm.ws.config.xml.internal.MetaTypeRegistry@7bcc64c4
    tc = class com.ibm.websphere.ras.TraceComponent@5d2d8208
      strings[0] = "TraceComponent[com.ibm.ws.config.xml.internal.MetaTypeRegistry,class com.ibm.ws.config.xml.internal.MetaTypeRegistry,[config],com.ibm.ws.config.internal.resources.ConfigMessages,null]"
    MTP_REMOVED_TOPIC = "internal_mtp_removed"
    MTP_ADDED_TOPIC = "internal_mtp_added"
    UPDATED_PIDS = "internal_mtp_updated_pids"
    BUNDLE = "internal_mtp_bundle"
    MTP_INFO = "internal_mtp_info"
    entryMap = class java.util.concurrent.ConcurrentHashMap@8dae6e9
      serialVersionUID = 7249069246763182397
      MAXIMUM_CAPACITY = 1073741824
      DEFAULT_CAPACITY = 16
      MAX_ARRAY_SIZE = 2147483639
      DEFAULT_CONCURRENCY_LEVEL = 16
      LOAD_FACTOR = 0.75
      TREEIFY_THRESHOLD = 8
      UNTREEIFY_THRESHOLD = 6
      MIN_TREEIFY_CAPACITY = 64
      MIN_TRANSFER_STRIDE = 16
      RESIZE_STAMP_BITS = 16
      MAX_RESIZERS = 65535
      RESIZE_STAMP_SHIFT = 16
      MOVED = -1
      TREEBIN = -2
      RESERVED = -3
      HASH_BITS = 2147483647
      NCPU = 1
      serialPersistentFields = class java.io.ObjectStreamField[3]
      table = class java.util.concurrent.ConcurrentHashMap$Node[64]
      nextTable = null
      baseCount = 36
      sizeCtl = 48
      transferIndex = 0
      cellsBusy = 0
      counterCells = null
      keySet = null
      values = class java.util.concurrent.ConcurrentHashMap$ValuesView@44b1df4a
      entrySet = null
      U = class sun.misc.Unsafe@f87c42f
      SIZECTL = 20
      TRANSFERINDEX = 32
      BASECOUNT = 24
      CELLSBUSY = 36
      CELLVALUE = 144
      ABASE = 16
      ASHIFT = 2
      keySet = null
      values = null
    aliasMap = class java.util.concurrent.ConcurrentHashMap@227ac435
      serialVersionUID = 7249069246763182397
      MAXIMUM_CAPACITY = 1073741824
      DEFAULT_CAPACITY = 16
      MAX_ARRAY_SIZE = 2147483639
      DEFAULT_CONCURRENCY_LEVEL = 16
      LOAD_FACTOR = 0.75
      TREEIFY_THRESHOLD = 8
      UNTREEIFY_THRESHOLD = 6
      MIN_TREEIFY_CAPACITY = 64
      MIN_TRANSFER_STRIDE = 16
      RESIZE_STAMP_BITS = 16
      MAX_RESIZERS = 65535
      RESIZE_STAMP_SHIFT = 16
      MOVED = -1
      TREEBIN = -2
      RESERVED = -3
      HASH_BITS = 2147483647
      NCPU = 1
      serialPersistentFields = class java.io.ObjectStreamField[3]
      table = class java.util.concurrent.ConcurrentHashMap$Node[64]
      nextTable = null
      baseCount = 32
      sizeCtl = 48
      transferIndex = 0
      cellsBusy = 0
      counterCells = null
      keySet = null
      values = null
      entrySet = null
      U = class sun.misc.Unsafe@f87c42f
      SIZECTL = 20
      TRANSFERINDEX = 32
      BASECOUNT = 24
      CELLSBUSY = 36
      CELLVALUE = 144
      ABASE = 16
      ASHIFT = 2
      keySet = null
      values = null
    invalidEntryMap = class java.util.concurrent.ConcurrentHashMap@442e2989
      serialVersionUID = 7249069246763182397
      MAXIMUM_CAPACITY = 1073741824
      DEFAULT_CAPACITY = 16
      MAX_ARRAY_SIZE = 2147483639
      DEFAULT_CONCURRENCY_LEVEL = 16
      LOAD_FACTOR = 0.75
      TREEIFY_THRESHOLD = 8
      UNTREEIFY_THRESHOLD = 6
      MIN_TREEIFY_CAPACITY = 64
      MIN_TRANSFER_STRIDE = 16
      RESIZE_STAMP_BITS = 16
      MAX_RESIZERS = 65535
      RESIZE_STAMP_SHIFT = 16
      MOVED = -1
      TREEBIN = -2
      RESERVED = -3
      HASH_BITS = 2147483647
      NCPU = 1
      serialPersistentFields = class java.io.ObjectStreamField[3]
      table = null
      nextTable = null
      baseCount = 0
      sizeCtl = 0
      transferIndex = 0
      cellsBusy = 0
      counterCells = null
      keySet = null
      values = null
      entrySet = null
      U = class sun.misc.Unsafe@f87c42f
      SIZECTL = 20
      TRANSFERINDEX = 32
      BASECOUNT = 24
      CELLSBUSY = 36
      CELLVALUE = 144
      ABASE = 16
      ASHIFT = 2
      keySet = null
      values = null
    childAliasMap = class java.util.concurrent.ConcurrentHashMap@2feb9177
      serialVersionUID = 7249069246763182397
      MAXIMUM_CAPACITY = 1073741824
      DEFAULT_CAPACITY = 16
      MAX_ARRAY_SIZE = 2147483639
      DEFAULT_CONCURRENCY_LEVEL = 16
      LOAD_FACTOR = 0.75
      TREEIFY_THRESHOLD = 8
      UNTREEIFY_THRESHOLD = 6
      MIN_TREEIFY_CAPACITY = 64
      MIN_TRANSFER_STRIDE = 16
      RESIZE_STAMP_BITS = 16
      MAX_RESIZERS = 65535
      RESIZE_STAMP_SHIFT = 16
      MOVED = -1
      TREEBIN = -2
      RESERVED = -3
      HASH_BITS = 2147483647
      NCPU = 1
      serialPersistentFields = class java.io.ObjectStreamField[3]
      table = class java.util.concurrent.ConcurrentHashMap$Node[16]
      nextTable = null
      baseCount = 1
      sizeCtl = 12
      transferIndex = 0
      cellsBusy = 0
      counterCells = null
      keySet = null
      values = null
      entrySet = null
      U = class sun.misc.Unsafe@f87c42f
      SIZECTL = 20
      TRANSFERINDEX = 32
      BASECOUNT = 24
      CELLSBUSY = 36
      CELLVALUE = 144
      ABASE = 16
      ASHIFT = 2
      keySet = null
      values = null
    childPidMap = class java.util.concurrent.ConcurrentHashMap@70d9d7cd
      serialVersionUID = 7249069246763182397
      MAXIMUM_CAPACITY = 1073741824
      DEFAULT_CAPACITY = 16
      MAX_ARRAY_SIZE = 2147483639
      DEFAULT_CONCURRENCY_LEVEL = 16
      LOAD_FACTOR = 0.75
      TREEIFY_THRESHOLD = 8
      UNTREEIFY_THRESHOLD = 6
      MIN_TREEIFY_CAPACITY = 64
      MIN_TRANSFER_STRIDE = 16
      RESIZE_STAMP_BITS = 16
      MAX_RESIZERS = 65535
      RESIZE_STAMP_SHIFT = 16
      MOVED = -1
      TREEBIN = -2
      RESERVED = -3
      HASH_BITS = 2147483647
      NCPU = 1
      serialPersistentFields = class java.io.ObjectStreamField[3]
      table = class java.util.concurrent.ConcurrentHashMap$Node[16]
      nextTable = null
      baseCount = 1
      sizeCtl = 12
      transferIndex = 0
      cellsBusy = 0
      counterCells = null
      keySet = null
      values = null
      entrySet = null
      U = class sun.misc.Unsafe@f87c42f
      SIZECTL = 20
      TRANSFERINDEX = 32
      BASECOUNT = 24
      CELLSBUSY = 36
      CELLVALUE = 144
      ABASE = 16
      ASHIFT = 2
      keySet = null
      values = null
    serviceToObjectClassMap = class java.util.concurrent.ConcurrentHashMap@4f6fe8f
      serialVersionUID = 7249069246763182397
      MAXIMUM_CAPACITY = 1073741824
      DEFAULT_CAPACITY = 16
      MAX_ARRAY_SIZE = 2147483639
      DEFAULT_CONCURRENCY_LEVEL = 16
      LOAD_FACTOR = 0.75
      TREEIFY_THRESHOLD = 8
      UNTREEIFY_THRESHOLD = 6
      MIN_TREEIFY_CAPACITY = 64
      MIN_TRANSFER_STRIDE = 16
      RESIZE_STAMP_BITS = 16
      MAX_RESIZERS = 65535
      RESIZE_STAMP_SHIFT = 16
      MOVED = -1
      TREEBIN = -2
      RESERVED = -3
      HASH_BITS = 2147483647
      NCPU = 1
      serialPersistentFields = class java.io.ObjectStreamField[3]
      table = null
      nextTable = null
      baseCount = 0
      sizeCtl = 0
      transferIndex = 0
      cellsBusy = 0
      counterCells = null
      keySet = null
      values = null
      entrySet = null
      U = class sun.misc.Unsafe@f87c42f
      SIZECTL = 20
      TRANSFERINDEX = 32
      BASECOUNT = 24
      CELLSBUSY = 36
      CELLVALUE = 144
      ABASE = 16
      ASHIFT = 2
      keySet = null
      values = null
    serviceToServicesMap = class java.util.concurrent.ConcurrentHashMap@31a1edf9
      serialVersionUID = 7249069246763182397
      MAXIMUM_CAPACITY = 1073741824
      DEFAULT_CAPACITY = 16
      MAX_ARRAY_SIZE = 2147483639
      DEFAULT_CONCURRENCY_LEVEL = 16
      LOAD_FACTOR = 0.75
      TREEIFY_THRESHOLD = 8
      UNTREEIFY_THRESHOLD = 6
      MIN_TREEIFY_CAPACITY = 64
      MIN_TRANSFER_STRIDE = 16
      RESIZE_STAMP_BITS = 16
      MAX_RESIZERS = 65535
      RESIZE_STAMP_SHIFT = 16
      MOVED = -1
      TREEBIN = -2
      RESERVED = -3
      HASH_BITS = 2147483647
      NCPU = 1
      serialPersistentFields = class java.io.ObjectStreamField[3]
      table = null
      nextTable = null
      baseCount = 0
      sizeCtl = 0
      transferIndex = 0
      cellsBusy = 0
      counterCells = null
      keySet = null
      values = null
      entrySet = null
      U = class sun.misc.Unsafe@f87c42f
      SIZECTL = 20
      TRANSFERINDEX = 32
      BASECOUNT = 24
      CELLSBUSY = 36
      CELLVALUE = 144
      ABASE = 16
      ASHIFT = 2
      keySet = null
      values = null
    bundleMap = class java.util.concurrent.ConcurrentHashMap@42b2b293
      serialVersionUID = 7249069246763182397
      MAXIMUM_CAPACITY = 1073741824
      DEFAULT_CAPACITY = 16
      MAX_ARRAY_SIZE = 2147483639
      DEFAULT_CONCURRENCY_LEVEL = 16
      LOAD_FACTOR = 0.75
      TREEIFY_THRESHOLD = 8
      UNTREEIFY_THRESHOLD = 6
      MIN_TREEIFY_CAPACITY = 64
      MIN_TRANSFER_STRIDE = 16
      RESIZE_STAMP_BITS = 16
      MAX_RESIZERS = 65535
      RESIZE_STAMP_SHIFT = 16
      MOVED = -1
      TREEBIN = -2
      RESERVED = -3
      HASH_BITS = 2147483647
      NCPU = 1
      serialPersistentFields = class java.io.ObjectStreamField[3]
      table = class java.util.concurrent.ConcurrentHashMap$Node[32]
      nextTable = null
      baseCount = 17
      sizeCtl = 24
      transferIndex = 0
      cellsBusy = 0
      counterCells = null
      keySet = null
      values = null
      entrySet = null
      U = class sun.misc.Unsafe@f87c42f
      SIZECTL = 20
      TRANSFERINDEX = 32
      BASECOUNT = 24
      CELLSBUSY = 36
      CELLVALUE = 144
      ABASE = 16
      ASHIFT = 2
      keySet = null
      values = null
    metaTypeTracker = class org.osgi.util.tracker.ServiceTracker@7ceb72b7
      DEBUG = false
      context = class org.eclipse.osgi.internal.framework.BundleContextImpl@5096b1ea
      filter = class org.eclipse.osgi.internal.framework.FilterImpl@56ad9fd8
      customizer = class org.osgi.util.tracker.ServiceTracker@7ceb72b7
      listenerFilter = "(objectClass=org.osgi.service.metatype.MetaTypeService)"
      trackClass = "org.osgi.service.metatype.MetaTypeService"
      trackReference = null
      tracked = class org.osgi.util.tracker.ServiceTracker$Tracked@4aadf9aa
      cachedReference = class org.eclipse.osgi.internal.serviceregistry.ServiceReferenceImpl@4b41294b
      cachedService = class org.eclipse.equinox.metatype.impl.MetaTypeServiceImpl@7077b112
    mtpTracker = class com.ibm.ws.config.xml.internal.MetaTypeRegistry$MTPTracker@4fdae923
      registry = class com.ibm.ws.config.xml.internal.MetaTypeRegistry@7bcc64c4
      eventTracker = class org.osgi.util.tracker.ServiceTracker@671dc4e3
      serialVersionUID = -6180965171787297116
      $$$tc$$$ = class com.ibm.websphere.ras.TraceComponent@3d9ac86
      DEBUG = false
      context = class org.eclipse.osgi.internal.framework.BundleContextImpl@5096b1ea
      filter = class org.eclipse.osgi.internal.framework.FilterImpl@2d9c1cc5
      customizer = class com.ibm.ws.config.xml.internal.MetaTypeRegistry$MTPTracker@4fdae923
      listenerFilter = "(objectClass=org.osgi.service.metatype.MetaTypeProvider)"
      trackClass = "org.osgi.service.metatype.MetaTypeProvider"
      trackReference = null
      tracked = class org.osgi.util.tracker.ServiceTracker$Tracked@6b3bb3e3
      cachedReference = null
      cachedService = null
    serialVersionUID = -1516519921111149166
  failedUpdateInfo = class java.util.HashMap@36a79d42
    serialVersionUID = 362498820763181265
    DEFAULT_INITIAL_CAPACITY = 16
    MAXIMUM_CAPACITY = 1073741824
    DEFAULT_LOAD_FACTOR = 0.75
    TREEIFY_THRESHOLD = 8
    UNTREEIFY_THRESHOLD = 6
    MIN_TREEIFY_CAPACITY = 64
    table = null
    entrySet = null
    size = 0
    modCount = 0
    threshold = 0
    loadFactor = 0.75
    keySet = null
    values = null
  failedUpdateAttrDef = class java.util.HashMap@c559ee
    serialVersionUID = 362498820763181265
    DEFAULT_INITIAL_CAPACITY = 16
    MAXIMUM_CAPACITY = 1073741824
    DEFAULT_LOAD_FACTOR = 0.75
    TREEIFY_THRESHOLD = 8
    UNTREEIFY_THRESHOLD = 6
    MIN_TREEIFY_CAPACITY = 64
    table = null
    entrySet = null
    size = 0
    modCount = 0
    threshold = 0
    loadFactor = 0.75
    keySet = null
    values = null
  retryUpdateInfoList = class java.util.ArrayList@1aef8bb8
    serialVersionUID = 8683452581122892189
    DEFAULT_CAPACITY = 10
    EMPTY_ELEMENTDATA = class java.lang.Object[0]
    DEFAULTCAPACITY_EMPTY_ELEMENTDATA = class java.lang.Object[0]
    elementData = class java.lang.Object[0]
    size = 0
    MAX_ARRAY_SIZE = 2147483639
    modCount = 6
    MAX_ARRAY_SIZE = 2147483639
  ranUpdateRetry = false
  serialVersionUID = 4618814127728183361

Dump of objectArray[0]
Object type = com.ibm.ws.config.xml.internal.ConfigEvaluator$EvaluationResult
  configElement = class com.ibm.ws.config.xml.internal.SingletonElement@19188eec
    serialVersionUID = 3864110386781038224
    $$$tc$$$ = class com.ibm.websphere.ras.TraceComponent@675cc83a
      strings[0] = "TraceComponent[com.ibm.ws.config.xml.internal.SingletonElement,class com.ibm.ws.config.xml.internal.SingletonElement,[config],com.ibm.ws.config.internal.resources.ConfigMessages,null]"
    pid = "com.ibm.ws.kernel.feature"
    serialVersionUID = -9047414204686928380
    $$$tc$$$ = class com.ibm.websphere.ras.TraceComponent@a15260e
      strings[0] = "TraceComponent[com.ibm.ws.config.xml.internal.MetaTypeElement,class com.ibm.ws.config.xml.internal.MetaTypeElement,[config],com.ibm.ws.config.internal.resources.ConfigMessages,null]"
    nodeName = "featureManager"
    attributes = class com.ibm.ws.config.xml.internal.ConfigElement$GroupHashMap@101efbb0
      serialVersionUID = 3632130989008067578
      comparator = class com.ibm.ws.config.xml.internal.ConfigElement$1@5167173c
      root = null
      size = 0
      modCount = 0
      entrySet = class java.util.TreeMap$EntrySet@2093106b
      navigableKeySet = null
      descendingMap = null
      UNBOUNDED = class java.lang.Object@656c9e54
      RED = false
      BLACK = true
      serialVersionUID = 919286545866124006
      keySet = null
      values = null
    sequenceId = 0
    location = null
    overrideLocation = null
    operations = class java.util.HashMap@59ea3aad
      serialVersionUID = 362498820763181265
      DEFAULT_INITIAL_CAPACITY = 16
      MAXIMUM_CAPACITY = 1073741824
      DEFAULT_LOAD_FACTOR = 0.75
      TREEIFY_THRESHOLD = 8
      UNTREEIFY_THRESHOLD = 6
      MIN_TREEIFY_CAPACITY = 64
      table = null
      entrySet = null
      size = 0
      modCount = 0
      threshold = 0
      loadFactor = 0.75
      keySet = null
      values = null
    isTextOnly = true
    elementValue = ""
    parent = null
    children = class java.util.ArrayList@6415486e
      serialVersionUID = 8683452581122892189
      DEFAULT_CAPACITY = 10
      EMPTY_ELEMENTDATA = class java.lang.Object[0]
      DEFAULTCAPACITY_EMPTY_ELEMENTDATA = class java.lang.Object[0]
      elementData = class java.lang.Object[0]
      size = 0
      MAX_ARRAY_SIZE = 2147483639
      modCount = 0
      MAX_ARRAY_SIZE = 2147483639
    childAttributeName = null
    mergeBehavior = null
    docLocationStack = null
    behaviorStack = null
    CASE_INSENSITIVE = class com.ibm.ws.config.xml.internal.ConfigElement$1@5167173c
      serialVersionUID = 2579770070088481384
      $$$tc$$$ = class com.ibm.websphere.ras.TraceComponent@67897bf1
  properties = class com.ibm.ws.config.admin.ConfigurationDictionary@7cf5d42e
    serialVersionUID = 7966152868712543805
    simpleTypes = class java.util.Arrays$ArrayList@352d6ed2
      serialVersionUID = -2764017481108945198
      a = class java.lang.Class[9]
      modCount = 0
      MAX_ARRAY_SIZE = 2147483639
    primitiveArrayTypes = class java.util.Arrays$ArrayList@64ed5edf
      serialVersionUID = -2764017481108945198
      a = class java.lang.Class[8]
      modCount = 0
      MAX_ARRAY_SIZE = 2147483639
    simpleArrayTypes = class java.util.Arrays$ArrayList@1c2a7da3
      serialVersionUID = -2764017481108945198
      a = class java.lang.Class[9]
      modCount = 0
      MAX_ARRAY_SIZE = 2147483639
    extendedTypes = class java.util.Arrays$ArrayList@7719d6d1
      serialVersionUID = -2764017481108945198
      a = class java.lang.Class[2]
      modCount = 0
      MAX_ARRAY_SIZE = 2147483639
    CASE_INSENSITIVE = class com.ibm.ws.config.admin.ConfigurationDictionary$CaseInsensitive@1848b6ac
      serialVersionUID = 7962325242424955159
    properties = class java.util.Collections$SynchronizedMap@195b90b2
      serialVersionUID = 1978198479659022715
      m = class java.util.TreeMap@208154c8
      mutex = class java.util.Collections$SynchronizedMap@195b90b2
      keySet = class java.util.Collections$SynchronizedSet@3b594bbe
      entrySet = null
      values = null
  references = null
  nestedResults = null
  variables = class java.util.HashMap@33ca87e3
    serialVersionUID = 362498820763181265
    DEFAULT_INITIAL_CAPACITY = 16
    MAXIMUM_CAPACITY = 1073741824
    DEFAULT_LOAD_FACTOR = 0.75
    TREEIFY_THRESHOLD = 8
    UNTREEIFY_THRESHOLD = 6
    MIN_TREEIFY_CAPACITY = 64
    table = class java.util.HashMap$Node[16]
      table[0] = null
      table[1] = null
      table[2] = null
      table[3] = class java.util.HashMap$Node@7adf3457
      table[4] = null
      table[5] = null
      table[6] = null
      table[7] = null
      table[8] = null
      table[9] = null
      table[10] = null
      table[11] = null
      table[12] = null
      table[13] = null
      table[14] = null
      table[15] = null
    entrySet = class java.util.HashMap$EntrySet@70ecb764
      this$0 = class java.util.HashMap@33ca87e3
      MAX_ARRAY_SIZE = 2147483639
    size = 1
    modCount = 1
    threshold = 12
    loadFactor = 0.75
    keySet = null
    values = null
  pid = null
  valid = true
  unresolvedReferences = class java.util.HashSet@317a945e
    serialVersionUID = -5024744406713321676
    map = class java.util.HashMap@36c3a5db
      serialVersionUID = 362498820763181265
      DEFAULT_INITIAL_CAPACITY = 16
      MAXIMUM_CAPACITY = 1073741824
      DEFAULT_LOAD_FACTOR = 0.75
      TREEIFY_THRESHOLD = 8
      UNTREEIFY_THRESHOLD = 6
      MIN_TREEIFY_CAPACITY = 64
      table = null
      entrySet = null
      size = 0
      modCount = 0
      threshold = 0
      loadFactor = 0.75
      keySet = class java.util.HashMap$KeySet@a9e27a5
      values = null
    PRESENT = class java.lang.Object@2d57462e
    MAX_ARRAY_SIZE = 2147483639
  ocd = class com.ibm.ws.config.xml.internal.metatype.ExtendedObjectClassDefinitionImpl@6c480373
    EXPOSED_FILTERS = class java.util.Arrays$ArrayList@2a8628be
      serialVersionUID = -2764017481108945198
      a = class java.lang.String[3]
      modCount = 0
      MAX_ARRAY_SIZE = 2147483639
    delegate = class org.eclipse.equinox.metatype.impl.ObjectClassDefinitionImpl@3fc4ed1d
      iconComparator = class org.eclipse.equinox.metatype.impl.ObjectClassDefinitionImpl$1@f4c8601
      _name = "%featureManager.name"
      _id = "com.ibm.ws.kernel.feature"
      _description = "%featureManager.desc"
      _type = 0
      _required = class java.util.Vector@74142b42
      _optional = class java.util.Vector@53179032
      helper = class org.eclipse.equinox.metatype.impl.ExtendableHelper@422400b6
      icons = null
      KEY_SIGN = %
      LOCALE_SEP = _
      localization = "OSGI-INF/l10n/metatype"
      bundle = class org.eclipse.osgi.internal.framework.EquinoxBundle@5a300cc6
      locale = null
      resourceBundle = null
    parentPid = null
    alias = "featureManager"
    extraProperties = false
    action = null
    localization = null
    supportsExtensions = false
    supportsHiddenExtensions = false
    extendsAlias = null
    extendsAttribute = null
    childAlias = null
    anyCount = 0
    excludedChildren = null
    objectClass = null
    requireExplicitConfiguration = false
    pid = "com.ibm.ws.kernel.feature"
    serialVersionUID = -8060091650489418548
    $$$tc$$$ = class com.ibm.websphere.ras.TraceComponent@13c97790
      strings[0] = "TraceComponent[com.ibm.ws.config.xml.internal.metatype.ExtendedObjectClassDefinitionImpl,class com.ibm.ws.config.xml.internal.metatype.ExtendedObjectClassDefinitionImpl,[config],com.ibm.ws.config.internal.resources.ConfigMessages,null]"
  serialVersionUID = -1771646921982985384
  $$$tc$$$ = class com.ibm.websphere.ras.TraceComponent@70cd87bc
    strings[0] = "TraceComponent[com.ibm.ws.config.xml.internal.ConfigEvaluator$EvaluationResult,class com.ibm.ws.config.xml.internal.ConfigEvaluator$EvaluationResult,[config],com.ibm.ws.config.internal.resources.ConfigMessages,null]"

Dump of objectArray[1]
Object type = com.ibm.ws.config.xml.internal.ConfigurationInfo
  tc = class com.ibm.websphere.ras.TraceComponent@24db5a1b
    strings[0] = "TraceComponent[com.ibm.ws.config.xml.internal.ConfigurationInfo,class com.ibm.ws.config.xml.internal.ConfigurationInfo,[config],com.ibm.ws.config.internal.resources.ConfigMessages,null]"
  configElement = class com.ibm.ws.config.xml.internal.SingletonElement@19188eec
    serialVersionUID = 3864110386781038224
    $$$tc$$$ = class com.ibm.websphere.ras.TraceComponent@675cc83a
      strings[0] = "TraceComponent[com.ibm.ws.config.xml.internal.SingletonElement,class com.ibm.ws.config.xml.internal.SingletonElement,[config],com.ibm.ws.config.internal.resources.ConfigMessages,null]"
    pid = "com.ibm.ws.kernel.feature"
    serialVersionUID = -9047414204686928380
    $$$tc$$$ = class com.ibm.websphere.ras.TraceComponent@a15260e
      strings[0] = "TraceComponent[com.ibm.ws.config.xml.internal.MetaTypeElement,class com.ibm.ws.config.xml.internal.MetaTypeElement,[config],com.ibm.ws.config.internal.resources.ConfigMessages,null]"
    nodeName = "featureManager"
    attributes = class com.ibm.ws.config.xml.internal.ConfigElement$GroupHashMap@101efbb0
      serialVersionUID = 3632130989008067578
      comparator = class com.ibm.ws.config.xml.internal.ConfigElement$1@5167173c
      root = null
      size = 0
      modCount = 0
      entrySet = class java.util.TreeMap$EntrySet@2093106b
      navigableKeySet = null
      descendingMap = null
      UNBOUNDED = class java.lang.Object@656c9e54
      RED = false
      BLACK = true
      serialVersionUID = 919286545866124006
      keySet = null
      values = null
    sequenceId = 0
    location = null
    overrideLocation = null
    operations = class java.util.HashMap@59ea3aad
      serialVersionUID = 362498820763181265
      DEFAULT_INITIAL_CAPACITY = 16
      MAXIMUM_CAPACITY = 1073741824
      DEFAULT_LOAD_FACTOR = 0.75
      TREEIFY_THRESHOLD = 8
      UNTREEIFY_THRESHOLD = 6
      MIN_TREEIFY_CAPACITY = 64
      table = null
      entrySet = null
      size = 0
      modCount = 0
      threshold = 0
      loadFactor = 0.75
      keySet = null
      values = null
    isTextOnly = true
    elementValue = ""
    parent = null
    children = class java.util.ArrayList@6415486e
      serialVersionUID = 8683452581122892189
      DEFAULT_CAPACITY = 10
      EMPTY_ELEMENTDATA = class java.lang.Object[0]
      DEFAULTCAPACITY_EMPTY_ELEMENTDATA = class java.lang.Object[0]
      elementData = class java.lang.Object[0]
      size = 0
      MAX_ARRAY_SIZE = 2147483639
      modCount = 0
      MAX_ARRAY_SIZE = 2147483639
    childAttributeName = null
    mergeBehavior = null
    docLocationStack = null
    behaviorStack = null
    CASE_INSENSITIVE = class com.ibm.ws.config.xml.internal.ConfigElement$1@5167173c
      serialVersionUID = 2579770070088481384
      $$$tc$$$ = class com.ibm.websphere.ras.TraceComponent@67897bf1
  config = class com.ibm.ws.config.admin.internal.ExtendedConfigurationImpl@319c5af3
    bundleLocation = null
    boundBundle = class org.eclipse.osgi.internal.framework.EquinoxBundle@5a300cc6
      equinoxContainer = class org.eclipse.osgi.internal.framework.EquinoxContainer@907655
      module = class org.eclipse.osgi.internal.framework.EquinoxBundle$EquinoxModule@5d1c0bb2
      monitor = class java.lang.Object@36e1ae0c
      context = class org.eclipse.osgi.internal.framework.BundleContextImpl@a7d9825
      signerInfos = null
      $SWITCH_TABLE$org$eclipse$osgi$container$Module$State = {1,2,3,4,5,6,7} /* array length = 7*/
    caFactory = class com.ibm.ws.config.admin.internal.ConfigAdminServiceFactory@3f696f0c
      tc = class com.ibm.websphere.ras.TraceComponent@76dd0356
      configurationPermission = class org.osgi.service.cm.ConfigurationPermission@6ebf8283
      INDEX_DICTIONARY = 0
      INDEX_LOCATION = 1
      INDEX_METATYPE_PROCESSED = 2
      INDEX_IN_OVERRIDES_FILE = 3
      INDEX_REFERENCES = 4
      INDEX_UNIQUES = 5
      bundleContext = class org.eclipse.osgi.internal.framework.BundleContextImpl@5096b1ea
      msTracker = class com.ibm.ws.config.admin.internal.ManagedServiceTracker@2988edd6
      msfTracker = class com.ibm.ws.config.admin.internal.ManagedServiceFactoryTracker@56575d35
      pluginManager = class com.ibm.ws.config.admin.internal.PluginManager@4e9ffc22
      configurationStore = class com.ibm.ws.config.admin.internal.ConfigurationStore@5ca6d4e8
      updateQueue = class com.ibm.ws.config.admin.internal.UpdateQueue@32ae64f7
      ced = class com.ibm.ws.config.admin.internal.ConfigEventDispatcher@5efc3962
      idMap = class java.util.Collections$SynchronizedMap@6fb3a073
      referenceMap = class java.util.Collections$SynchronizedMap@5d838f9
      variableRegistryTracker = class org.osgi.util.tracker.ServiceTracker@44906d69
      variableRegistry = class com.ibm.ws.kernel.service.location.internal.VariableRegistryHelper@7b186bb0
      configurationAdminRef = class org.eclipse.osgi.internal.serviceregistry.ServiceRegistrationImpl@8b51e4
      serialVersionUID = 6695202270027014725
    factoryPid = null
    pid = "com.ibm.ws.kernel.feature"
    properties = class com.ibm.ws.config.admin.ConfigurationDictionary@48cb5ca4
      serialVersionUID = 7966152868712543805
      simpleTypes = class java.util.Arrays$ArrayList@352d6ed2
      primitiveArrayTypes = class java.util.Arrays$ArrayList@64ed5edf
      simpleArrayTypes = class java.util.Arrays$ArrayList@1c2a7da3
      extendedTypes = class java.util.Arrays$ArrayList@7719d6d1
      CASE_INSENSITIVE = class com.ibm.ws.config.admin.ConfigurationDictionary$CaseInsensitive@1848b6ac
      properties = class java.util.Collections$SynchronizedMap@2d35c3fb
    hashCode = 0
    deleted = false
    inOverridesFile = true
    references = class java.util.Collections$EmptySet@4216483b
      serialVersionUID = 1582296315990362920
      MAX_ARRAY_SIZE = 2147483639
    uniqueVariables = class java.util.HashSet@57719b25
      serialVersionUID = -5024744406713321676
      map = class java.util.HashMap@3a5c5bac
      PRESENT = class java.lang.Object@2d57462e
      MAX_ARRAY_SIZE = 2147483639
    lock = class java.util.concurrent.locks.ReentrantLock@5166c835
      serialVersionUID = 7373984872572414699
      sync = class java.util.concurrent.locks.ReentrantLock$NonfairSync@61af5c0f
    changeCount = class java.util.concurrent.atomic.AtomicLong@731300b5
      serialVersionUID = 1927816293512124184
      unsafe = class sun.misc.Unsafe@f87c42f
      valueOffset = 16
      VM_SUPPORTS_LONG_CAS = true
      value = 1
      serialVersionUID = -8742448824652078965
    configId = null
    sendEvents = false
    serialVersionUID = -7173954266841568360
    $$$tc$$$ = class com.ibm.websphere.ras.TraceComponent@e53ff45
      strings[0] = "TraceComponent[com.ibm.ws.config.admin.internal.ExtendedConfigurationImpl,class com.ibm.ws.config.admin.internal.ExtendedConfigurationImpl,[config],com.ibm.ws.config.internal.resources.ConfigMessages,null]"
  metaTypeAttributes = class java.util.HashMap@2216f83e
    serialVersionUID = 362498820763181265
    DEFAULT_INITIAL_CAPACITY = 16
    MAXIMUM_CAPACITY = 1073741824
    DEFAULT_LOAD_FACTOR = 0.75
    TREEIFY_THRESHOLD = 8
    UNTREEIFY_THRESHOLD = 6
    MIN_TREEIFY_CAPACITY = 64
    table = class java.util.HashMap$Node[16]
      table[0] = null
      table[1] = null
      table[2] = null
      table[3] = class java.util.HashMap$Node@58420afe
      table[4] = class java.util.HashMap$Node@77c9f0be
      table[5] = null
      table[6] = null
      table[7] = null
      table[8] = null
      table[9] = null
      table[10] = null
      table[11] = null
      table[12] = null
      table[13] = null
      table[14] = null
      table[15] = null
    entrySet = class java.util.HashMap$EntrySet@4d80dc78
      this$0 = class java.util.HashMap@2216f83e
      MAX_ARRAY_SIZE = 2147483639
    size = 2
    modCount = 2
    threshold = 12
    loadFactor = 0.75
    keySet = null
    values = null
  deleted = false
  ocd = class com.ibm.ws.config.xml.internal.metatype.ExtendedObjectClassDefinitionImpl@6c480373
    EXPOSED_FILTERS = class java.util.Arrays$ArrayList@2a8628be
      serialVersionUID = -2764017481108945198
      a = class java.lang.String[3]
      modCount = 0
      MAX_ARRAY_SIZE = 2147483639
    delegate = class org.eclipse.equinox.metatype.impl.ObjectClassDefinitionImpl@3fc4ed1d
      iconComparator = class org.eclipse.equinox.metatype.impl.ObjectClassDefinitionImpl$1@f4c8601
      _name = "%featureManager.name"
      _id = "com.ibm.ws.kernel.feature"
      _description = "%featureManager.desc"
      _type = 0
      _required = class java.util.Vector@74142b42
      _optional = class java.util.Vector@53179032
      helper = class org.eclipse.equinox.metatype.impl.ExtendableHelper@422400b6
      icons = null
      KEY_SIGN = %
      LOCALE_SEP = _
      localization = "OSGI-INF/l10n/metatype"
      bundle = class org.eclipse.osgi.internal.framework.EquinoxBundle@5a300cc6
      locale = null
      resourceBundle = null
    parentPid = null
    alias = "featureManager"
    extraProperties = false
    action = null
    localization = null
    supportsExtensions = false
    supportsHiddenExtensions = false
    extendsAlias = null
    extendsAttribute = null
    childAlias = null
    anyCount = 0
    excludedChildren = null
    objectClass = null
    requireExplicitConfiguration = false
    pid = "com.ibm.ws.kernel.feature"
    serialVersionUID = -8060091650489418548
    $$$tc$$$ = class com.ibm.websphere.ras.TraceComponent@13c97790
      strings[0] = "TraceComponent[com.ibm.ws.config.xml.internal.metatype.ExtendedObjectClassDefinitionImpl,class com.ibm.ws.config.xml.internal.metatype.ExtendedObjectClassDefinitionImpl,[config],com.ibm.ws.config.internal.resources.ConfigMessages,null]"
  superTypeConfigs = class java.util.ArrayList@6ec83d9d
    serialVersionUID = 8683452581122892189
    DEFAULT_CAPACITY = 10
    EMPTY_ELEMENTDATA = class java.lang.Object[0]
    DEFAULTCAPACITY_EMPTY_ELEMENTDATA = class java.lang.Object[0]
    elementData = class java.lang.Object[0]
    size = 0
    MAX_ARRAY_SIZE = 2147483639
    modCount = 0
    MAX_ARRAY_SIZE = 2147483639
  serialVersionUID = -2724248819911187301

Dump of objectArray[2]
Object type = java.util.ArrayList
  serialVersionUID = 8683452581122892189
  DEFAULT_CAPACITY = 10
  EMPTY_ELEMENTDATA = class java.lang.Object[0]
  DEFAULTCAPACITY_EMPTY_ELEMENTDATA = class java.lang.Object[0]
  elementData = class java.lang.Object[0]
  size = 0
  MAX_ARRAY_SIZE = 2147483639
  modCount = 0
  MAX_ARRAY_SIZE = 2147483639

Dump of objectArray[3]
Object type = java.lang.Boolean
  TRUE = true
  FALSE = false
  TYPE = class java.lang.Class@6433a2
    ANNOTATION = 8192
    ENUM = 16384
    SYNTHETIC = 4096
    cachedConstructor = null
    newInstanceCallerCache = null
    name = "boolean"
    allPermDomain = class java.security.ProtectionDomain@3948c34a
      codesource = null
      classloader = null
      principals = interface java.security.Principal[0]
      permissions = class java.security.Permissions@b670d84
      hasAllPerm = true
      staticPermissions = true
      key = class java.security.ProtectionDomain$Key@d753e03
      debug = null
    useCaches = true
    reflectionData = null
    classRedefinedCount = 0
    genericInfo = null
    serialVersionUID = 3206093459760846163
    serialPersistentFields = class java.io.ObjectStreamField[0]
    reflectionFactory = class sun.reflect.ReflectionFactory@50a84c1
      initted = true
      reflectionFactoryAccessPerm = class java.lang.RuntimePermission@2a0ce9a9
      soleInstance = class sun.reflect.ReflectionFactory@50a84c1
      langReflectAccess = class java.lang.reflect.ReflectAccess@1934ca41
      noInflation = false
      inflationThreshold = 15
    initted = true
    enumConstants = null
    enumConstantDirectory = null
    annotationData = null
    annotationType = null
    classValueMap = null
  value = false
  serialVersionUID = -3665804199014368530

